<?xml version="1.0" encoding="UTF-8"?>
<!-- Generated by org.testng.reporters.JUnitXMLReporter -->
<testsuite ignored="6" hostname="Ramya" failures="0" tests="1" name="Default test" time="6.524" errors="0" timestamp="2022-04-05T10:18:05 IST">
  <testcase classname="WebElementmethods" name="mouseactions" time="6.499"/>
  <testcase classname="WebElementmethods" name="getText" time="0.0">
    <ignored/>
  </testcase> <!-- getText -->
  <testcase classname="WebElementmethods" name="SelectDropdown" time="0.0">
    <ignored/>
  </testcase> <!-- SelectDropdown -->
  <testcase classname="WebElementmethods" name="checkbox" time="0.0">
    <ignored/>
  </testcase> <!-- checkbox -->
  <testcase classname="WebElementmethods" name="getAttr" time="0.0">
    <ignored/>
  </testcase> <!-- getAttr -->
  <testcase classname="WebElementmethods" name="Buttons" time="0.0">
    <ignored/>
  </testcase> <!-- Buttons -->
  <testcase classname="WebElementmethods" name="sendkeys" time="0.0">
    <ignored/>
  </testcase> <!-- sendkeys -->
</testsuite> <!-- Default test -->
