<?xml version="1.0" encoding="UTF-8"?>
<testng-results ignored="0" total="2" passed="2" failed="0" skipped="0">
  <reporter-output>
  </reporter-output>
  <suite started-at="2022-04-19T09:41:25 IST" name="Default suite" finished-at="2022-04-19T09:41:38 IST" duration-ms="13188">
    <groups>
    </groups>
    <test started-at="2022-04-19T09:41:25 IST" name="Default test" finished-at="2022-04-19T09:41:38 IST" duration-ms="13188">
      <class name="crm.test.MyProfileTest">
        <test-method is-config="true" signature="setUp()[pri:0, instance:crm.test.MyProfileTest@689604d9]" started-at="2022-04-19T09:41:11 IST" name="setUp" finished-at="2022-04-19T09:41:25 IST" duration-ms="13714" status="PASS">
          <reporter-output>
          </reporter-output>
        </test-method> <!-- setUp -->
        <test-method is-config="true" signature="LoginPrecondition()[pri:0, instance:crm.test.MyProfileTest@689604d9]" started-at="2022-04-19T09:41:25 IST" name="LoginPrecondition" finished-at="2022-04-19T09:41:30 IST" duration-ms="4814" status="PASS">
          <reporter-output>
          </reporter-output>
        </test-method> <!-- LoginPrecondition -->
        <test-method signature="addressFillValidation(java.lang.String,java.lang.String)[pri:0, instance:crm.test.MyProfileTest@689604d9]" started-at="2022-04-19T09:41:30 IST" name="addressFillValidation" data-provider="getCRMTestData" finished-at="2022-04-19T09:41:35 IST" duration-ms="5270" status="PASS">
          <params>
            <param index="0">
              <value>
                <![CDATA[Ramya]]>
              </value>
            </param>
            <param index="1">
              <value>
                <![CDATA[Mannem]]>
              </value>
            </param>
          </params>
          <reporter-output>
          </reporter-output>
        </test-method> <!-- addressFillValidation -->
        <test-method signature="addressFillValidation(java.lang.String,java.lang.String)[pri:0, instance:crm.test.MyProfileTest@689604d9]" started-at="2022-04-19T09:41:35 IST" name="addressFillValidation" data-provider="getCRMTestData" finished-at="2022-04-19T09:41:38 IST" duration-ms="2716" status="PASS">
          <params>
            <param index="0">
              <value>
                <![CDATA[Anusha]]>
              </value>
            </param>
            <param index="1">
              <value>
                <![CDATA[Anu]]>
              </value>
            </param>
          </params>
          <reporter-output>
          </reporter-output>
        </test-method> <!-- addressFillValidation -->
      </class> <!-- crm.test.MyProfileTest -->
    </test> <!-- Default test -->
  </suite> <!-- Default suite -->
</testng-results>
